<?xml version="1.0" encoding="UTF-8" ?>
<testsuite tests="9" failures="0" name="runners.TestRunner" time="0.008" errors="0" skipped="0">
  <properties>
[...]
</properties>
  <testcase classname="Scenario: Customer place an order by purchasing an item from search" name="Given user is on Home Page" time="0.007"/>
  <testcase classname="Scenario: Customer place an order by purchasing an item from search" name="When he search for &quot;dress&quot;" time="0"/>
  <testcase classname="Scenario: Customer place an order by purchasing an item from search" name="And choose to buy the first item" time="0"/>
  <testcase classname="Scenario: Customer place an order by purchasing an item from search" name="And moves to checkout from mini cart" time="0"/>
  <testcase classname="Scenario: Customer place an order by purchasing an item from search" name="And enter personal details on checkout page" time="0.001"/>
  <testcase classname="Scenario: Customer place an order by purchasing an item from search" name="And select same delivery address" time="0"/>
  <testcase classname="Scenario: Customer place an order by purchasing an item from search" name="And select payment method as &quot;check&quot; payment" time="0"/>
  <testcase classname="Scenario: Customer place an order by purchasing an item from search" name="And place the order" time="0"/>
  <testcase classname="Scenario: Customer place an order by purchasing an item from search" name="Scenario: Customer place an order by purchasing an item from search" time="0"/>
</testsuite>